app/build/intermediates/manifest_merge_blame_file/debug/manifest-merger-blame-debug-report.txt
1<?xml version="1.0" encoding="utf-8"?>
2<manifest xmlns:android="http://schemas.android.com/apk/res/android"
3    package="com.example.bajajfindemo"
4    android:versionCode="1"
5    android:versionName="1.0" >
6
7    <uses-sdk
8        android:minSdkVersion="21"
8-->src/main/AndroidManifest.xml
9        android:targetSdkVersion="29" />
9-->src/main/AndroidManifest.xml
10
11    <uses-permission android:name="android.permission.INTERNET" />
11-->src/main/AndroidManifest.xml:5:5-67
11-->src/main/AndroidManifest.xml:5:22-64
12    <uses-permission android:name="com.google.android.finsky.permission.BIND_GET_INSTALL_REFERRER_SERVICE" />
12-->[com.android.installreferrer:installreferrer:1.0] AndroidManifest.xml:9:5-110
12-->[com.android.installreferrer:installreferrer:1.0] AndroidManifest.xml:9:22-107
13
14    <application
14-->src/main/AndroidManifest.xml:7:5-49:19
15        android:name="com.example.bajajfindemo.DemoApplication"
15-->src/main/AndroidManifest.xml:8:9-40
16        android:allowBackup="true"
16-->src/main/AndroidManifest.xml:9:9-35
17        android:appComponentFactory="androidx.core.app.CoreComponentFactory"
17-->[androidx.core:core:1.1.0] AndroidManifest.xml:24:18-86
18        android:debuggable="true"
19        android:icon="@mipmap/ic_launcher"
19-->src/main/AndroidManifest.xml:10:9-43
20        android:label="@string/app_name"
20-->src/main/AndroidManifest.xml:11:9-41
21        android:roundIcon="@mipmap/ic_launcher_round"
21-->src/main/AndroidManifest.xml:12:9-54
22        android:supportsRtl="true"
22-->src/main/AndroidManifest.xml:13:9-35
23        android:testOnly="true"
24        android:theme="@style/AppTheme" >
24-->src/main/AndroidManifest.xml:14:9-40
25        <activity android:name="com.example.bajajfindemo.Activity2" />
25-->src/main/AndroidManifest.xml:15:9-56
25-->src/main/AndroidManifest.xml:15:19-44
26        <activity
26-->src/main/AndroidManifest.xml:16:9-42:20
27            android:name="com.example.bajajfindemo.MainActivity"
27-->src/main/AndroidManifest.xml:16:19-47
28            android:launchMode="singleTask" >
28-->src/main/AndroidManifest.xml:17:13-44
29            <intent-filter>
29-->src/main/AndroidManifest.xml:18:13-22:29
30                <action android:name="android.intent.action.MAIN" />
30-->src/main/AndroidManifest.xml:19:17-69
30-->src/main/AndroidManifest.xml:19:25-66
31
32                <category android:name="android.intent.category.LAUNCHER" />
32-->src/main/AndroidManifest.xml:21:17-77
32-->src/main/AndroidManifest.xml:21:27-74
33            </intent-filter>
34
35            <!-- Branch URI Scheme -->
36            <intent-filter>
36-->src/main/AndroidManifest.xml:26:13-31:29
37                <data android:scheme="bajajFinDemo" />
37-->src/main/AndroidManifest.xml:27:17-55
37-->src/main/AndroidManifest.xml:27:23-52
38
39                <action android:name="android.intent.action.VIEW" />
39-->src/main/AndroidManifest.xml:28:17-69
39-->src/main/AndroidManifest.xml:28:25-66
40
41                <category android:name="android.intent.category.DEFAULT" />
41-->src/main/AndroidManifest.xml:29:17-76
41-->src/main/AndroidManifest.xml:29:27-73
42                <category android:name="android.intent.category.BROWSABLE" />
42-->src/main/AndroidManifest.xml:30:17-78
42-->src/main/AndroidManifest.xml:30:27-75
43            </intent-filter>
44
45            <!-- Branch App Links (optional) -->
46            <intent-filter android:autoVerify="true" >
46-->src/main/AndroidManifest.xml:34:13-41:29
46-->src/main/AndroidManifest.xml:34:28-53
47                <action android:name="android.intent.action.VIEW" />
47-->src/main/AndroidManifest.xml:28:17-69
47-->src/main/AndroidManifest.xml:28:25-66
48
49                <category android:name="android.intent.category.DEFAULT" />
49-->src/main/AndroidManifest.xml:29:17-76
49-->src/main/AndroidManifest.xml:29:27-73
50                <category android:name="android.intent.category.BROWSABLE" />
50-->src/main/AndroidManifest.xml:30:17-78
50-->src/main/AndroidManifest.xml:30:27-75
51
52                <data
52-->src/main/AndroidManifest.xml:27:17-55
53                    android:host="w889x.app.link"
53-->src/main/AndroidManifest.xml:38:46-75
54                    android:scheme="https" />
54-->src/main/AndroidManifest.xml:27:23-52
55                <!-- example-alternate domain is required for App Links when the Journeys/Web SDK and Deepviews are used inside your website. -->
56                <data
56-->src/main/AndroidManifest.xml:27:17-55
57                    android:host="w889x-alternate.app.link"
57-->src/main/AndroidManifest.xml:38:46-75
58                    android:scheme="https" />
58-->src/main/AndroidManifest.xml:27:23-52
59            </intent-filter>
60        </activity>
61
62        <!-- Branch init -->
63        <meta-data
63-->src/main/AndroidManifest.xml:45:9-119
64            android:name="io.branch.sdk.BranchKey"
64-->src/main/AndroidManifest.xml:45:20-58
65            android:value="key_live_lnQJZRpN8IJiY2cK7zzh4edlAunMK7M1" />
65-->src/main/AndroidManifest.xml:45:59-116
66        <meta-data
66-->src/main/AndroidManifest.xml:46:9-124
67            android:name="io.branch.sdk.BranchKey.test"
67-->src/main/AndroidManifest.xml:46:20-63
68            android:value="key_test_bbUQ4RhM3KIh14cU8uym4offyFlRN53i" />
68-->src/main/AndroidManifest.xml:46:64-121
69        <meta-data
69-->src/main/AndroidManifest.xml:47:9-82
70            android:name="io.branch.sdk.TestMode"
70-->src/main/AndroidManifest.xml:47:20-57
71            android:value="false" /> <!-- Set to true to use Branch_Test_Key (useful when simulating installs and/or switching between debug and production flavors) -->
71-->src/main/AndroidManifest.xml:47:58-79
72
73    </application>
74
75</manifest>